<?xml version="1.0" encoding="UTF-8"?>
<!-- Generated by org.testng.reporters.JUnitReportReporter -->
<testsuite hostname="LAPTOP-V37IGBKO" failures="0" tests="1" name="sample.TC101_Test" time="8.973" errors="0" timestamp="2022-08-03T14:28:04 IST" skipped="0">
  <testcase classname="sample.TC101_Test" name="registerPage" time="8.973"/>
  <system-out/>
</testsuite> <!-- sample.TC101_Test -->
