<?xml version="1.0" encoding="UTF-8"?>
<!-- Generated by org.testng.reporters.JUnitReportReporter -->
<testsuite hostname="LAPTOP-V37IGBKO" failures="0" tests="1" name="sample.Tc04_Test" time="14.870" errors="0" timestamp="2022-07-30T16:35:51 IST" skipped="0">
  <testcase classname="sample.Tc04_Test" name="main" time="14.870"/>
  <system-out/>
</testsuite> <!-- sample.Tc04_Test -->
