<?xml version="1.0" encoding="UTF-8"?>
<!-- Generated by org.testng.reporters.JUnitReportReporter -->
<testsuite hostname="LAPTOP-V37IGBKO" failures="0" tests="1" name="sample.Tc01_Test" time="0.698" errors="0" timestamp="2022-08-06T12:53:36 IST" skipped="0">
  <testcase classname="sample.Tc01_Test" name="main1" time="0.698"/>
  <system-out/>
</testsuite> <!-- sample.Tc01_Test -->
